[debug] [2021-11-04T13:02:55.422Z] ----------------------------------------------------------------------
[debug] [2021-11-04T13:02:55.424Z] Command:       /Users/fredrik/.nvm/versions/node/v14.17.6/bin/node /usr/local/bin/firebase emulators:start --import emulatorData --export-on-exit
[debug] [2021-11-04T13:02:55.425Z] CLI Version:   9.16.0
[debug] [2021-11-04T13:02:55.425Z] Platform:      darwin
[debug] [2021-11-04T13:02:55.425Z] Node Version:  v14.17.6
[debug] [2021-11-04T13:02:55.431Z] Time:          Thu Nov 04 2021 14:02:55 GMT+0100 (Central European Standard Time)
[debug] [2021-11-04T13:02:55.431Z] ----------------------------------------------------------------------
[debug] 
[debug] [2021-11-04T13:02:55.493Z] > command requires scopes: ["email","openid","https://www.googleapis.com/auth/cloudplatformprojects.readonly","https://www.googleapis.com/auth/firebase","https://www.googleapis.com/auth/cloud-platform"]
[debug] [2021-11-04T13:02:55.494Z] > authorizing via signed-in user (fredrik@megatech.ltd)
[info] i  emulators: Starting emulators: auth, functions, firestore, hosting, pubsub, storage {"metadata":{"emulator":{"name":"hub"},"message":"Starting emulators: auth, functions, firestore, hosting, pubsub, storage"}}
[debug] [2021-11-04T13:02:55.522Z] [hub] writing locator at /var/folders/wd/vkk3t3_551s17d64phds_khh0000gn/T/hub-browser-file-bundler.json
[warn] ⚠  functions: The following emulators are not running, calls to these services from the Functions emulator will affect production: database {"metadata":{"emulator":{"name":"functions"},"message":"The following emulators are not running, calls to these services from the Functions emulator will affect production: \u001b[1mdatabase\u001b[22m"}}
[info] ✔  functions: Using node@14 from host. {"metadata":{"emulator":{"name":"functions"},"message":"Using node@14 from host."}}
[debug] [2021-11-04T13:02:55.591Z] defaultcredentials: writing to file /Users/fredrik/.config/firebase/fredrik_megatech_ltd_application_default_credentials.json
[debug] [2021-11-04T13:02:55.595Z] Setting GAC to /Users/fredrik/.config/firebase/fredrik_megatech_ltd_application_default_credentials.json {"metadata":{"emulator":{"name":"functions"},"message":"Setting GAC to /Users/fredrik/.config/firebase/fredrik_megatech_ltd_application_default_credentials.json"}}
[debug] [2021-11-04T13:02:55.598Z] >>> [apiv2][query] GET https://firebase.googleapis.com/v1beta1/projects/browser-file-bundler/adminSdkConfig [none]
[debug] [2021-11-04T13:02:55.995Z] <<< [apiv2][status] GET https://firebase.googleapis.com/v1beta1/projects/browser-file-bundler/adminSdkConfig 200
[debug] [2021-11-04T13:02:55.995Z] <<< [apiv2][body] GET https://firebase.googleapis.com/v1beta1/projects/browser-file-bundler/adminSdkConfig {"projectId":"browser-file-bundler","storageBucket":"browser-file-bundler.appspot.com","locationId":"europe-west"}
[debug] [2021-11-04T13:02:56.279Z] Ignoring unsupported arg: projectId {"metadata":{"emulator":{"name":"firestore"},"message":"Ignoring unsupported arg: projectId"}}
[debug] [2021-11-04T13:02:56.280Z] Ignoring unsupported arg: auto_download {"metadata":{"emulator":{"name":"firestore"},"message":"Ignoring unsupported arg: auto_download"}}
[debug] [2021-11-04T13:02:56.280Z] Starting Firestore Emulator with command {"binary":"java","args":["-Dgoogle.cloud_firestore.debug_log_level=FINE","-Duser.language=en","-jar","/Users/fredrik/.cache/firebase/emulators/cloud-firestore-emulator-v1.13.1.jar","--host","localhost","--port",8080,"--rules","/Users/fredrik/dev/browser-file-bundler/firestore.rules","--functions_emulator","localhost:5001"],"optionalArgs":["port","webchannel_port","host","rules","functions_emulator","seed_from_export"],"joinArgs":false} {"metadata":{"emulator":{"name":"firestore"},"message":"Starting Firestore Emulator with command {\"binary\":\"java\",\"args\":[\"-Dgoogle.cloud_firestore.debug_log_level=FINE\",\"-Duser.language=en\",\"-jar\",\"/Users/fredrik/.cache/firebase/emulators/cloud-firestore-emulator-v1.13.1.jar\",\"--host\",\"localhost\",\"--port\",8080,\"--rules\",\"/Users/fredrik/dev/browser-file-bundler/firestore.rules\",\"--functions_emulator\",\"localhost:5001\"],\"optionalArgs\":[\"port\",\"webchannel_port\",\"host\",\"rules\",\"functions_emulator\",\"seed_from_export\"],\"joinArgs\":false}"}}
[info] i  firestore: Firestore Emulator logging to firestore-debug.log {"metadata":{"emulator":{"name":"firestore"},"message":"Firestore Emulator logging to \u001b[1mfirestore-debug.log\u001b[22m"}}
[debug] [2021-11-04T13:02:57.911Z] Nov 04, 2021 2:02:57 PM com.google.cloud.datastore.emulator.firestore.websocket.WebSocketServer start
INFO: Started WebSocket server on ws://localhost:63565
 {"metadata":{"emulator":{"name":"firestore"},"message":"Nov 04, 2021 2:02:57 PM com.google.cloud.datastore.emulator.firestore.websocket.WebSocketServer start\nINFO: Started WebSocket server on ws://localhost:63565\n"}}
[debug] [2021-11-04T13:02:57.991Z] API endpoint: http://localhost {"metadata":{"emulator":{"name":"firestore"},"message":"API endpoint: http://localhost"}}
[debug] [2021-11-04T13:02:57.991Z] :8080
If you are using a library that supports the FIRESTORE_EMULATOR_HOST environment variable, run:

   export FIRESTORE_EMULATOR_HOST=localhost:8080

Dev App Server is now running.

 {"metadata":{"emulator":{"name":"firestore"},"message":":8080\nIf you are using a library that supports the FIRESTORE_EMULATOR_HOST environment variable, run:\n\n   export FIRESTORE_EMULATOR_HOST=localhost:8080\n\nDev App Server is now running.\n\n"}}
[debug] [2021-11-04T13:03:00.401Z] Ignoring unsupported arg: projectId {"metadata":{"emulator":{"name":"pubsub"},"message":"Ignoring unsupported arg: projectId"}}
[debug] [2021-11-04T13:03:00.401Z] Ignoring unsupported arg: auto_download {"metadata":{"emulator":{"name":"pubsub"},"message":"Ignoring unsupported arg: auto_download"}}
[debug] [2021-11-04T13:03:00.401Z] Starting Pub/Sub Emulator with command {"binary":"/Users/fredrik/.cache/firebase/emulators/pubsub-emulator-0.1.0/pubsub-emulator/bin/cloud-pubsub-emulator","args":["--host=localhost","--port=8085"],"optionalArgs":["port","host"],"joinArgs":true} {"metadata":{"emulator":{"name":"pubsub"},"message":"Starting Pub/Sub Emulator with command {\"binary\":\"/Users/fredrik/.cache/firebase/emulators/pubsub-emulator-0.1.0/pubsub-emulator/bin/cloud-pubsub-emulator\",\"args\":[\"--host=localhost\",\"--port=8085\"],\"optionalArgs\":[\"port\",\"host\"],\"joinArgs\":true}"}}
[info] i  pubsub: Pub/Sub Emulator logging to pubsub-debug.log {"metadata":{"emulator":{"name":"pubsub"},"message":"Pub/Sub Emulator logging to \u001b[1mpubsub-debug.log\u001b[22m"}}
[debug] [2021-11-04T13:03:00.665Z] This is the Google Pub/Sub fake.
Implementation may be incomplete or differ from the real system.
 {"metadata":{"emulator":{"name":"pubsub"},"message":"This is the Google Pub/Sub fake.\nImplementation may be incomplete or differ from the real system.\n"}}
[debug] [2021-11-04T13:03:00.699Z] Nov 04, 2021 2:03:00 PM com.google.cloud.pubsub.testing.v1.Main main
INFO: IAM integration is disabled. IAM policy methods and ACL checks are not supported
 {"metadata":{"emulator":{"name":"pubsub"},"message":"Nov 04, 2021 2:03:00 PM com.google.cloud.pubsub.testing.v1.Main main\nINFO: IAM integration is disabled. IAM policy methods and ACL checks are not supported\n"}}
[debug] [2021-11-04T13:03:01.199Z] Nov 04, 2021 2:03:01 PM io.gapi.emulators.netty.NettyUtil applyJava7LongHostnameWorkaround
INFO: Unable to apply Java 7 long hostname workaround.
 {"metadata":{"emulator":{"name":"pubsub"},"message":"Nov 04, 2021 2:03:01 PM io.gapi.emulators.netty.NettyUtil applyJava7LongHostnameWorkaround\nINFO: Unable to apply Java 7 long hostname workaround.\n"}}
[debug] [2021-11-04T13:03:01.276Z] Nov 04, 2021 2:03:01 PM com.google.cloud.pubsub.testing.v1.Main main
INFO: Server started, listening on 8085
 {"metadata":{"emulator":{"name":"pubsub"},"message":"Nov 04, 2021 2:03:01 PM com.google.cloud.pubsub.testing.v1.Main main\nINFO: Server started, listening on 8085\n"}}
[debug] [2021-11-04T13:03:01.469Z] Ignoring unsupported arg: port {"metadata":{"emulator":{"name":"storage"},"message":"Ignoring unsupported arg: port"}}
[debug] [2021-11-04T13:03:01.596Z] Nov 04, 2021 2:03:01 PM io.gapi.emulators.grpc.GrpcServer$3 operationComplete
INFO: Adding handler(s) to newly registered Channel.
 {"metadata":{"emulator":{"name":"pubsub"},"message":"Nov 04, 2021 2:03:01 PM io.gapi.emulators.grpc.GrpcServer$3 operationComplete\nINFO: Adding handler(s) to newly registered Channel.\n"}}
[debug] [2021-11-04T13:03:01.771Z] Temp file directory for storage emulator: /var/folders/wd/vkk3t3_551s17d64phds_khh0000gn/T/firebase/storage/blobs {"metadata":{"emulator":{"name":"storage"},"message":"Temp file directory for storage emulator: /var/folders/wd/vkk3t3_551s17d64phds_khh0000gn/T/firebase/storage/blobs"}}
[debug] [2021-11-04T13:03:03.199Z] >>> [apiv2][query] GET https://firebasehosting.googleapis.com/v1beta1/projects/browser-file-bundler/sites 
[debug] [2021-11-04T13:03:04.092Z] <<< [apiv2][status] GET https://firebasehosting.googleapis.com/v1beta1/projects/browser-file-bundler/sites 200
[debug] [2021-11-04T13:03:04.092Z] <<< [apiv2][body] GET https://firebasehosting.googleapis.com/v1beta1/projects/browser-file-bundler/sites {"sites":[{"name":"projects/1018372613654/sites/browser-file-bundler","defaultUrl":"https://browser-file-bundler.web.app","type":"DEFAULT_SITE"}]}
[debug] [2021-11-04T13:03:04.093Z] >>> [apiv2][query] GET https://firebase.googleapis.com/v1beta1/projects/browser-file-bundler/webApps/-/config [none]
[debug] [2021-11-04T13:03:04.829Z] <<< [apiv2][status] GET https://firebase.googleapis.com/v1beta1/projects/browser-file-bundler/webApps/-/config 200
[debug] [2021-11-04T13:03:04.829Z] <<< [apiv2][body] GET https://firebase.googleapis.com/v1beta1/projects/browser-file-bundler/webApps/-/config {"projectId":"browser-file-bundler","storageBucket":"browser-file-bundler.appspot.com","locationId":"europe-west","apiKey":"AIzaSyAPNML7rWuxrw6q0GccWZwd_WpZkPVE3Qg","authDomain":"browser-file-bundler.firebaseapp.com","messagingSenderId":"1018372613654"}
[info] i  hosting: Serving hosting files from: build {"metadata":{"emulator":{"name":"hosting"},"message":"Serving hosting files from: \u001b[1mbuild\u001b[22m"}}
[info] ✔  hosting: Local server: http://localhost:5000 {"metadata":{"emulator":{"name":"hosting"},"message":"Local server: \u001b[4m\u001b[1mhttp://localhost:5000\u001b[22m\u001b[24m"}}
[warn] ⚠  ui: Emulator UI unable to start on port 4000, starting on 4001 instead. {"metadata":{"emulator":{"name":"ui"},"message":"Emulator UI unable to start on port 4000, starting on 4001 instead."}}
[debug] [2021-11-04T13:03:05.391Z] Ignoring unsupported arg: auto_download {"metadata":{"emulator":{"name":"ui"},"message":"Ignoring unsupported arg: auto_download"}}
[debug] [2021-11-04T13:03:05.391Z] Ignoring unsupported arg: port {"metadata":{"emulator":{"name":"ui"},"message":"Ignoring unsupported arg: port"}}
[debug] [2021-11-04T13:03:05.391Z] Starting Emulator UI with command {"binary":"node","args":["/Users/fredrik/.cache/firebase/emulators/ui-v1.6.0/server.bundle.js"],"optionalArgs":[],"joinArgs":false} {"metadata":{"emulator":{"name":"ui"},"message":"Starting Emulator UI with command {\"binary\":\"node\",\"args\":[\"/Users/fredrik/.cache/firebase/emulators/ui-v1.6.0/server.bundle.js\"],\"optionalArgs\":[],\"joinArgs\":false}"}}
[info] i  ui: Emulator UI logging to ui-debug.log {"metadata":{"emulator":{"name":"ui"},"message":"Emulator UI logging to \u001b[1mui-debug.log\u001b[22m"}}
[debug] [2021-11-04T13:03:05.782Z] Web / API server started at localhost:4001
 {"metadata":{"emulator":{"name":"ui"},"message":"Web / API server started at localhost:4001\n"}}
[info] i  functions: Watching "/Users/fredrik/dev/browser-file-bundler/functions" for Cloud Functions... {"metadata":{"emulator":{"name":"functions"},"message":"Watching \"/Users/fredrik/dev/browser-file-bundler/functions\" for Cloud Functions..."}}
[debug] [2021-11-04T13:03:05.979Z] [worker-pool] addWorker(~diagnostic~) {"metadata":{"emulator":{"name":"functions"},"message":"[worker-pool] addWorker(~diagnostic~)"}}
[debug] [2021-11-04T13:03:05.979Z] [worker-pool] Adding worker with key ~diagnostic~, total=1 {"metadata":{"emulator":{"name":"functions"},"message":"[worker-pool] Adding worker with key ~diagnostic~, total=1"}}
[debug] [2021-11-04T13:03:05.979Z] [worker-pool] submitWork(triggerId=) {"metadata":{"emulator":{"name":"functions"},"message":"[worker-pool] submitWork(triggerId=)"}}
[debug] [2021-11-04T13:03:05.980Z] [worker-~diagnostic~-ffb6564f-0580-4fe7-ade6-32bb52200a44]: Assigning socketPath: /var/folders/wd/vkk3t3_551s17d64phds_khh0000gn/T/fire_emu_6557.sock {"metadata":{"emulator":{"name":"functions"},"message":"[worker-~diagnostic~-ffb6564f-0580-4fe7-ade6-32bb52200a44]: Assigning socketPath: /var/folders/wd/vkk3t3_551s17d64phds_khh0000gn/T/fire_emu_6557.sock"}}
[debug] [2021-11-04T13:03:05.980Z] [worker-~diagnostic~-ffb6564f-0580-4fe7-ade6-32bb52200a44]: BUSY {"metadata":{"emulator":{"name":"functions"},"message":"[worker-~diagnostic~-ffb6564f-0580-4fe7-ade6-32bb52200a44]: BUSY"}}
[debug] [2021-11-04T13:03:06.424Z] [runtime-status] [6557] Functions runtime initialized. {"cwd":"/Users/fredrik/dev/browser-file-bundler/functions","node_version":"14.17.6"} {"metadata":{"emulator":{"name":"functions"},"message":"[runtime-status] [6557] Functions runtime initialized. {\"cwd\":\"/Users/fredrik/dev/browser-file-bundler/functions\",\"node_version\":\"14.17.6\"}"}}
[debug] [2021-11-04T13:03:06.429Z] [runtime-status] [6557] Disabled runtime features: undefined {"metadata":{"emulator":{"name":"functions"},"message":"[runtime-status] [6557] Disabled runtime features: undefined"}}
[debug] [2021-11-04T13:03:06.433Z] [runtime-status] [6557] Resolved module firebase-admin {"declared":true,"installed":true,"version":"9.12.0","resolution":"/Users/fredrik/dev/browser-file-bundler/functions/node_modules/firebase-admin/lib/index.js"} {"metadata":{"emulator":{"name":"functions"},"message":"[runtime-status] [6557] Resolved module firebase-admin {\"declared\":true,\"installed\":true,\"version\":\"9.12.0\",\"resolution\":\"/Users/fredrik/dev/browser-file-bundler/functions/node_modules/firebase-admin/lib/index.js\"}"}}
[debug] [2021-11-04T13:03:06.437Z] [runtime-status] [6557] Resolved module firebase-functions {"declared":true,"installed":true,"version":"3.16.0","resolution":"/Users/fredrik/dev/browser-file-bundler/functions/node_modules/firebase-functions/lib/index.js"} {"metadata":{"emulator":{"name":"functions"},"message":"[runtime-status] [6557] Resolved module firebase-functions {\"declared\":true,\"installed\":true,\"version\":\"3.16.0\",\"resolution\":\"/Users/fredrik/dev/browser-file-bundler/functions/node_modules/firebase-functions/lib/index.js\"}"}}
[debug] [2021-11-04T13:03:06.441Z] [runtime-status] [6557] Resolved module firebase-functions {"declared":true,"installed":true,"version":"3.16.0","resolution":"/Users/fredrik/dev/browser-file-bundler/functions/node_modules/firebase-functions/lib/index.js"} {"metadata":{"emulator":{"name":"functions"},"message":"[runtime-status] [6557] Resolved module firebase-functions {\"declared\":true,\"installed\":true,\"version\":\"3.16.0\",\"resolution\":\"/Users/fredrik/dev/browser-file-bundler/functions/node_modules/firebase-functions/lib/index.js\"}"}}
[debug] [2021-11-04T13:03:06.441Z] [runtime-status] [6557] Set PUBSUB_EMULATOR_HOST to localhost:8085 {"metadata":{"emulator":{"name":"functions"},"message":"[runtime-status] [6557] Set PUBSUB_EMULATOR_HOST to localhost:8085"}}
[debug] [2021-11-04T13:03:06.443Z] [runtime-status] [6557] Outgoing network have been stubbed. [{"name":"http","status":"mocked"},{"name":"http","status":"mocked"},{"name":"https","status":"mocked"},{"name":"https","status":"mocked"},{"name":"net","status":"mocked"}] {"metadata":{"emulator":{"name":"functions"},"message":"[runtime-status] [6557] Outgoing network have been stubbed. [{\"name\":\"http\",\"status\":\"mocked\"},{\"name\":\"http\",\"status\":\"mocked\"},{\"name\":\"https\",\"status\":\"mocked\"},{\"name\":\"https\",\"status\":\"mocked\"},{\"name\":\"net\",\"status\":\"mocked\"}]"}}
[debug] [2021-11-04T13:03:06.444Z] [runtime-status] [6557] Resolved module firebase-functions {"declared":true,"installed":true,"version":"3.16.0","resolution":"/Users/fredrik/dev/browser-file-bundler/functions/node_modules/firebase-functions/lib/index.js"} {"metadata":{"emulator":{"name":"functions"},"message":"[runtime-status] [6557] Resolved module firebase-functions {\"declared\":true,\"installed\":true,\"version\":\"3.16.0\",\"resolution\":\"/Users/fredrik/dev/browser-file-bundler/functions/node_modules/firebase-functions/lib/index.js\"}"}}
[debug] [2021-11-04T13:03:06.490Z] [runtime-status] [6557] Checked functions.config() {"config":{}} {"metadata":{"emulator":{"name":"functions"},"message":"[runtime-status] [6557] Checked functions.config() {\"config\":{}}"}}
[debug] [2021-11-04T13:03:06.490Z] [runtime-status] [6557] firebase-functions has been stubbed. {"functionsResolution":{"declared":true,"installed":true,"version":"3.16.0","resolution":"/Users/fredrik/dev/browser-file-bundler/functions/node_modules/firebase-functions/lib/index.js"}} {"metadata":{"emulator":{"name":"functions"},"message":"[runtime-status] [6557] firebase-functions has been stubbed. {\"functionsResolution\":{\"declared\":true,\"installed\":true,\"version\":\"3.16.0\",\"resolution\":\"/Users/fredrik/dev/browser-file-bundler/functions/node_modules/firebase-functions/lib/index.js\"}}"}}
[debug] [2021-11-04T13:03:06.491Z] [runtime-status] [6557] Resolved module firebase-functions {"declared":true,"installed":true,"version":"3.16.0","resolution":"/Users/fredrik/dev/browser-file-bundler/functions/node_modules/firebase-functions/lib/index.js"} {"metadata":{"emulator":{"name":"functions"},"message":"[runtime-status] [6557] Resolved module firebase-functions {\"declared\":true,\"installed\":true,\"version\":\"3.16.0\",\"resolution\":\"/Users/fredrik/dev/browser-file-bundler/functions/node_modules/firebase-functions/lib/index.js\"}"}}
[debug] [2021-11-04T13:03:06.492Z] [runtime-status] [6557] Resolved module firebase-admin {"declared":true,"installed":true,"version":"9.12.0","resolution":"/Users/fredrik/dev/browser-file-bundler/functions/node_modules/firebase-admin/lib/index.js"} {"metadata":{"emulator":{"name":"functions"},"message":"[runtime-status] [6557] Resolved module firebase-admin {\"declared\":true,\"installed\":true,\"version\":\"9.12.0\",\"resolution\":\"/Users/fredrik/dev/browser-file-bundler/functions/node_modules/firebase-admin/lib/index.js\"}"}}
[debug] [2021-11-04T13:03:06.492Z] [runtime-status] [6557] Resolved module firebase-functions {"declared":true,"installed":true,"version":"3.16.0","resolution":"/Users/fredrik/dev/browser-file-bundler/functions/node_modules/firebase-functions/lib/index.js"} {"metadata":{"emulator":{"name":"functions"},"message":"[runtime-status] [6557] Resolved module firebase-functions {\"declared\":true,\"installed\":true,\"version\":\"3.16.0\",\"resolution\":\"/Users/fredrik/dev/browser-file-bundler/functions/node_modules/firebase-functions/lib/index.js\"}"}}
[debug] [2021-11-04T13:03:06.492Z] [runtime-status] [6557] firebase-admin has been stubbed. {"adminResolution":{"declared":true,"installed":true,"version":"9.12.0","resolution":"/Users/fredrik/dev/browser-file-bundler/functions/node_modules/firebase-admin/lib/index.js"}} {"metadata":{"emulator":{"name":"functions"},"message":"[runtime-status] [6557] firebase-admin has been stubbed. {\"adminResolution\":{\"declared\":true,\"installed\":true,\"version\":\"9.12.0\",\"resolution\":\"/Users/fredrik/dev/browser-file-bundler/functions/node_modules/firebase-admin/lib/index.js\"}}"}}
[info] 
┌─────────────────────────────────────────────────────────────┐
│ ✔  All emulators ready! It is now safe to connect your app. │
│ i  View Emulator UI at http://localhost:4001                │
└─────────────────────────────────────────────────────────────┘

┌────────────────┬────────────────┬─────────────────────────────────┐
│ Emulator       │ Host:Port      │ View in Emulator UI             │
├────────────────┼────────────────┼─────────────────────────────────┤
│ Authentication │ localhost:9099 │ http://localhost:4001/auth      │
├────────────────┼────────────────┼─────────────────────────────────┤
│ Functions      │ localhost:5001 │ http://localhost:4001/functions │
├────────────────┼────────────────┼─────────────────────────────────┤
│ Firestore      │ localhost:8080 │ http://localhost:4001/firestore │
├────────────────┼────────────────┼─────────────────────────────────┤
│ Hosting        │ localhost:5000 │ n/a                             │
├────────────────┼────────────────┼─────────────────────────────────┤
│ Pub/Sub        │ localhost:8085 │ n/a                             │
├────────────────┼────────────────┼─────────────────────────────────┤
│ Storage        │ localhost:9199 │ http://localhost:4001/storage   │
└────────────────┴────────────────┴─────────────────────────────────┘
  Emulator Hub running at localhost:4400
  Other reserved ports: 4500

Issues? Report them at https://github.com/firebase/firebase-tools/issues and attach the *-debug.log files.
 
[debug] [2021-11-04T13:03:06.497Z] [worker-~diagnostic~-ffb6564f-0580-4fe7-ade6-32bb52200a44]: IDLE {"metadata":{"emulator":{"name":"functions"},"message":"[worker-~diagnostic~-ffb6564f-0580-4fe7-ade6-32bb52200a44]: IDLE"}}
[debug] [2021-11-04T13:03:27.762Z] File /Users/fredrik/dev/browser-file-bundler/functions/src/index.ts changed, reloading triggers {"metadata":{"emulator":{"name":"functions"},"message":"File /Users/fredrik/dev/browser-file-bundler/functions/src/index.ts changed, reloading triggers"}}
[debug] [2021-11-04T13:03:28.302Z] File /Users/fredrik/dev/browser-file-bundler/functions/lib/index.js.map changed, reloading triggers {"metadata":{"emulator":{"name":"functions"},"message":"File /Users/fredrik/dev/browser-file-bundler/functions/lib/index.js.map changed, reloading triggers"}}
[debug] [2021-11-04T13:03:28.302Z] File /Users/fredrik/dev/browser-file-bundler/functions/lib/index.js changed, reloading triggers {"metadata":{"emulator":{"name":"functions"},"message":"File /Users/fredrik/dev/browser-file-bundler/functions/lib/index.js changed, reloading triggers"}}
[debug] [2021-11-04T13:03:29.306Z] [worker-pool] Shutting down IDLE worker (~diagnostic~) {"metadata":{"emulator":{"name":"functions"},"message":"[worker-pool] Shutting down IDLE worker (~diagnostic~)"}}
[debug] [2021-11-04T13:03:29.306Z] [worker-~diagnostic~-ffb6564f-0580-4fe7-ade6-32bb52200a44]: FINISHING {"metadata":{"emulator":{"name":"functions"},"message":"[worker-~diagnostic~-ffb6564f-0580-4fe7-ade6-32bb52200a44]: FINISHING"}}
[debug] [2021-11-04T13:03:29.329Z] [worker-pool] addWorker(~diagnostic~) {"metadata":{"emulator":{"name":"functions"},"message":"[worker-pool] addWorker(~diagnostic~)"}}
[debug] [2021-11-04T13:03:29.329Z] [worker-pool] Adding worker with key ~diagnostic~, total=2 {"metadata":{"emulator":{"name":"functions"},"message":"[worker-pool] Adding worker with key ~diagnostic~, total=2"}}
[debug] [2021-11-04T13:03:29.329Z] [worker-pool] submitWork(triggerId=) {"metadata":{"emulator":{"name":"functions"},"message":"[worker-pool] submitWork(triggerId=)"}}
[debug] [2021-11-04T13:03:29.330Z] [worker-~diagnostic~-d9f48a33-60fd-47fe-912a-77e8abbd3617]: Assigning socketPath: /var/folders/wd/vkk3t3_551s17d64phds_khh0000gn/T/fire_emu_6875.sock {"metadata":{"emulator":{"name":"functions"},"message":"[worker-~diagnostic~-d9f48a33-60fd-47fe-912a-77e8abbd3617]: Assigning socketPath: /var/folders/wd/vkk3t3_551s17d64phds_khh0000gn/T/fire_emu_6875.sock"}}
[debug] [2021-11-04T13:03:29.330Z] [worker-~diagnostic~-d9f48a33-60fd-47fe-912a-77e8abbd3617]: BUSY {"metadata":{"emulator":{"name":"functions"},"message":"[worker-~diagnostic~-d9f48a33-60fd-47fe-912a-77e8abbd3617]: BUSY"}}
[debug] [2021-11-04T13:03:29.332Z] [worker-~diagnostic~-ffb6564f-0580-4fe7-ade6-32bb52200a44]: exited {"metadata":{"emulator":{"name":"functions"},"message":"[worker-~diagnostic~-ffb6564f-0580-4fe7-ade6-32bb52200a44]: exited"}}
[debug] [2021-11-04T13:03:29.332Z] [worker-~diagnostic~-ffb6564f-0580-4fe7-ade6-32bb52200a44]: FINISHED {"metadata":{"emulator":{"name":"functions"},"message":"[worker-~diagnostic~-ffb6564f-0580-4fe7-ade6-32bb52200a44]: FINISHED"}}
[debug] [2021-11-04T13:03:29.766Z] [runtime-status] [6875] Functions runtime initialized. {"cwd":"/Users/fredrik/dev/browser-file-bundler/functions","node_version":"14.17.6"} {"metadata":{"emulator":{"name":"functions"},"message":"[runtime-status] [6875] Functions runtime initialized. {\"cwd\":\"/Users/fredrik/dev/browser-file-bundler/functions\",\"node_version\":\"14.17.6\"}"}}
[debug] [2021-11-04T13:03:29.773Z] [runtime-status] [6875] Disabled runtime features: undefined {"metadata":{"emulator":{"name":"functions"},"message":"[runtime-status] [6875] Disabled runtime features: undefined"}}
[debug] [2021-11-04T13:03:29.777Z] [runtime-status] [6875] Resolved module firebase-admin {"declared":true,"installed":true,"version":"9.12.0","resolution":"/Users/fredrik/dev/browser-file-bundler/functions/node_modules/firebase-admin/lib/index.js"} {"metadata":{"emulator":{"name":"functions"},"message":"[runtime-status] [6875] Resolved module firebase-admin {\"declared\":true,\"installed\":true,\"version\":\"9.12.0\",\"resolution\":\"/Users/fredrik/dev/browser-file-bundler/functions/node_modules/firebase-admin/lib/index.js\"}"}}
[debug] [2021-11-04T13:03:29.782Z] [runtime-status] [6875] Resolved module firebase-functions {"declared":true,"installed":true,"version":"3.16.0","resolution":"/Users/fredrik/dev/browser-file-bundler/functions/node_modules/firebase-functions/lib/index.js"} {"metadata":{"emulator":{"name":"functions"},"message":"[runtime-status] [6875] Resolved module firebase-functions {\"declared\":true,\"installed\":true,\"version\":\"3.16.0\",\"resolution\":\"/Users/fredrik/dev/browser-file-bundler/functions/node_modules/firebase-functions/lib/index.js\"}"}}
[debug] [2021-11-04T13:03:29.785Z] [runtime-status] [6875] Resolved module firebase-functions {"declared":true,"installed":true,"version":"3.16.0","resolution":"/Users/fredrik/dev/browser-file-bundler/functions/node_modules/firebase-functions/lib/index.js"} {"metadata":{"emulator":{"name":"functions"},"message":"[runtime-status] [6875] Resolved module firebase-functions {\"declared\":true,\"installed\":true,\"version\":\"3.16.0\",\"resolution\":\"/Users/fredrik/dev/browser-file-bundler/functions/node_modules/firebase-functions/lib/index.js\"}"}}
[debug] [2021-11-04T13:03:29.785Z] [runtime-status] [6875] Set PUBSUB_EMULATOR_HOST to localhost:8085 {"metadata":{"emulator":{"name":"functions"},"message":"[runtime-status] [6875] Set PUBSUB_EMULATOR_HOST to localhost:8085"}}
[debug] [2021-11-04T13:03:29.787Z] [runtime-status] [6875] Outgoing network have been stubbed. [{"name":"http","status":"mocked"},{"name":"http","status":"mocked"},{"name":"https","status":"mocked"},{"name":"https","status":"mocked"},{"name":"net","status":"mocked"}] {"metadata":{"emulator":{"name":"functions"},"message":"[runtime-status] [6875] Outgoing network have been stubbed. [{\"name\":\"http\",\"status\":\"mocked\"},{\"name\":\"http\",\"status\":\"mocked\"},{\"name\":\"https\",\"status\":\"mocked\"},{\"name\":\"https\",\"status\":\"mocked\"},{\"name\":\"net\",\"status\":\"mocked\"}]"}}
[debug] [2021-11-04T13:03:29.788Z] [runtime-status] [6875] Resolved module firebase-functions {"declared":true,"installed":true,"version":"3.16.0","resolution":"/Users/fredrik/dev/browser-file-bundler/functions/node_modules/firebase-functions/lib/index.js"} {"metadata":{"emulator":{"name":"functions"},"message":"[runtime-status] [6875] Resolved module firebase-functions {\"declared\":true,\"installed\":true,\"version\":\"3.16.0\",\"resolution\":\"/Users/fredrik/dev/browser-file-bundler/functions/node_modules/firebase-functions/lib/index.js\"}"}}
[debug] [2021-11-04T13:03:29.826Z] [runtime-status] [6875] Checked functions.config() {"config":{}} {"metadata":{"emulator":{"name":"functions"},"message":"[runtime-status] [6875] Checked functions.config() {\"config\":{}}"}}
[debug] [2021-11-04T13:03:29.827Z] [runtime-status] [6875] firebase-functions has been stubbed. {"functionsResolution":{"declared":true,"installed":true,"version":"3.16.0","resolution":"/Users/fredrik/dev/browser-file-bundler/functions/node_modules/firebase-functions/lib/index.js"}} {"metadata":{"emulator":{"name":"functions"},"message":"[runtime-status] [6875] firebase-functions has been stubbed. {\"functionsResolution\":{\"declared\":true,\"installed\":true,\"version\":\"3.16.0\",\"resolution\":\"/Users/fredrik/dev/browser-file-bundler/functions/node_modules/firebase-functions/lib/index.js\"}}"}}
[debug] [2021-11-04T13:03:29.827Z] [runtime-status] [6875] Resolved module firebase-functions {"declared":true,"installed":true,"version":"3.16.0","resolution":"/Users/fredrik/dev/browser-file-bundler/functions/node_modules/firebase-functions/lib/index.js"} {"metadata":{"emulator":{"name":"functions"},"message":"[runtime-status] [6875] Resolved module firebase-functions {\"declared\":true,\"installed\":true,\"version\":\"3.16.0\",\"resolution\":\"/Users/fredrik/dev/browser-file-bundler/functions/node_modules/firebase-functions/lib/index.js\"}"}}
[debug] [2021-11-04T13:03:29.827Z] [runtime-status] [6875] Resolved module firebase-admin {"declared":true,"installed":true,"version":"9.12.0","resolution":"/Users/fredrik/dev/browser-file-bundler/functions/node_modules/firebase-admin/lib/index.js"} {"metadata":{"emulator":{"name":"functions"},"message":"[runtime-status] [6875] Resolved module firebase-admin {\"declared\":true,\"installed\":true,\"version\":\"9.12.0\",\"resolution\":\"/Users/fredrik/dev/browser-file-bundler/functions/node_modules/firebase-admin/lib/index.js\"}"}}
[debug] [2021-11-04T13:03:29.828Z] [runtime-status] [6875] Resolved module firebase-functions {"declared":true,"installed":true,"version":"3.16.0","resolution":"/Users/fredrik/dev/browser-file-bundler/functions/node_modules/firebase-functions/lib/index.js"} {"metadata":{"emulator":{"name":"functions"},"message":"[runtime-status] [6875] Resolved module firebase-functions {\"declared\":true,\"installed\":true,\"version\":\"3.16.0\",\"resolution\":\"/Users/fredrik/dev/browser-file-bundler/functions/node_modules/firebase-functions/lib/index.js\"}"}}
[debug] [2021-11-04T13:03:29.828Z] [runtime-status] [6875] firebase-admin has been stubbed. {"adminResolution":{"declared":true,"installed":true,"version":"9.12.0","resolution":"/Users/fredrik/dev/browser-file-bundler/functions/node_modules/firebase-admin/lib/index.js"}} {"metadata":{"emulator":{"name":"functions"},"message":"[runtime-status] [6875] firebase-admin has been stubbed. {\"adminResolution\":{\"declared\":true,\"installed\":true,\"version\":\"9.12.0\",\"resolution\":\"/Users/fredrik/dev/browser-file-bundler/functions/node_modules/firebase-admin/lib/index.js\"}}"}}
[info] ✔  functions[us-central1-helloWorld]: http function initialized (http://localhost:5001/browser-file-bundler/us-central1/helloWorld). {"metadata":{"emulator":{"name":"functions"},"message":"\u001b[1mhttp\u001b[22m function initialized (http://localhost:5001/browser-file-bundler/us-central1/helloWorld)."}}
[debug] [2021-11-04T13:03:29.833Z] [worker-~diagnostic~-d9f48a33-60fd-47fe-912a-77e8abbd3617]: IDLE {"metadata":{"emulator":{"name":"functions"},"message":"[worker-~diagnostic~-d9f48a33-60fd-47fe-912a-77e8abbd3617]: IDLE"}}
[debug] [2021-11-05T06:16:36.673Z] >>> [apiv2][query] POST http://localhost:5001/functions/projects/browser-file-bundler/trigger_multicast [none]
[debug] [2021-11-05T06:16:36.681Z] >>> [apiv2][body] POST http://localhost:5001/functions/projects/browser-file-bundler/trigger_multicast "{\"eventId\":\"1636092996667\",\"timestamp\":\"2021-11-05T07:16:36.667Z\",\"eventType\":\"google.storage.object.metadataUpdate\",\"resource\":{\"service\":\"storage.googleapis.com\",\"name\":\"projects/_/buckets/browser-file-bundler.appspot.com/objects/test44508__bantha-brain__kdiss.wav\",\"type\":\"storage#object\"},\"data\":{\"kind\":\"#storage#object\",\"name\":\"test44508__bantha-brain__kdiss.wav\",\"bucket\":\"browser-file-bundler.appspot.com\",\"generation\":\"1636092996638\",\"metageneration\":\"1\",\"contentType\":\"application/octet-stream\",\"timeCreated\":\"2021-11-05T07:16:36.637Z\",\"updated\":\"2021-11-05T07:16:36.657Z\",\"storageClass\":\"STANDARD\",\"size\":\"9\",\"md5Hash\":\"XlQyVsSArFd9MPdvkSDrdA==\",\"etag\":\"someETag\",\"crc32c\":\"----lA==\",\"timeStorageClassUpdated\":\"2021-11-05T07:16:36.637Z\",\"id\":\"browser-file-bundler.appspot.com/test44508__bantha-brain__kdiss.wav/1636092996638\",\"selfLink\":\"http://localhost:9199/storage/v1/b/browser-file-bundler.appspot.com/o/test44508__bantha-brain__kdiss.wav\",\"mediaLink\":\"http://localhost:9199/download/storage/v1/b/browser-file-bundler.appspot.com/o/test44508__bantha-brain__kdiss.wav?generation=1636092996638&alt=media\"}}"
[debug] [2021-11-05T06:16:36.696Z] >>> [apiv2][query] POST http://localhost:5001/functions/projects/browser-file-bundler/trigger_multicast [none]
[debug] [2021-11-05T06:16:36.696Z] >>> [apiv2][body] POST http://localhost:5001/functions/projects/browser-file-bundler/trigger_multicast "{\"eventId\":\"1636092996696\",\"timestamp\":\"2021-11-05T07:16:36.696Z\",\"eventType\":\"google.storage.object.finalize\",\"resource\":{\"service\":\"storage.googleapis.com\",\"name\":\"projects/_/buckets/browser-file-bundler.appspot.com/objects/test44508__bantha-brain__kdiss.wav\",\"type\":\"storage#object\"},\"data\":{\"kind\":\"#storage#object\",\"name\":\"test44508__bantha-brain__kdiss.wav\",\"bucket\":\"browser-file-bundler.appspot.com\",\"generation\":\"1636092996638\",\"metageneration\":\"1\",\"contentType\":\"application/octet-stream\",\"timeCreated\":\"2021-11-05T07:16:36.637Z\",\"updated\":\"2021-11-05T07:16:36.657Z\",\"storageClass\":\"STANDARD\",\"size\":\"9\",\"md5Hash\":\"XlQyVsSArFd9MPdvkSDrdA==\",\"etag\":\"someETag\",\"crc32c\":\"----lA==\",\"timeStorageClassUpdated\":\"2021-11-05T07:16:36.637Z\",\"id\":\"browser-file-bundler.appspot.com/test44508__bantha-brain__kdiss.wav/1636092996638\",\"selfLink\":\"http://localhost:9199/storage/v1/b/browser-file-bundler.appspot.com/o/test44508__bantha-brain__kdiss.wav\",\"mediaLink\":\"http://localhost:9199/download/storage/v1/b/browser-file-bundler.appspot.com/o/test44508__bantha-brain__kdiss.wav?generation=1636092996638&alt=media\"}}"
[debug] [2021-11-05T06:16:36.739Z] <<< [apiv2][status] POST http://localhost:5001/functions/projects/browser-file-bundler/trigger_multicast 200
[debug] [2021-11-05T06:16:36.740Z] <<< [apiv2][body] POST http://localhost:5001/functions/projects/browser-file-bundler/trigger_multicast {"status":"multicast_acknowledged"}
[debug] [2021-11-05T06:16:36.741Z] <<< [apiv2][status] POST http://localhost:5001/functions/projects/browser-file-bundler/trigger_multicast 200
[debug] [2021-11-05T06:16:36.741Z] <<< [apiv2][body] POST http://localhost:5001/functions/projects/browser-file-bundler/trigger_multicast {"status":"multicast_acknowledged"}
[debug] [2021-11-05T06:16:37.262Z] >>> [apiv2][query] POST http://localhost:5001/functions/projects/browser-file-bundler/trigger_multicast [none]
[debug] [2021-11-05T06:16:37.262Z] >>> [apiv2][body] POST http://localhost:5001/functions/projects/browser-file-bundler/trigger_multicast "{\"eventId\":\"1636092997260\",\"timestamp\":\"2021-11-05T07:16:37.260Z\",\"eventType\":\"google.storage.object.delete\",\"resource\":{\"service\":\"storage.googleapis.com\",\"name\":\"projects/_/buckets/browser-file-bundler.appspot.com/objects/test44508__bantha-brain__kdiss.wav\",\"type\":\"storage#object\"},\"data\":{\"kind\":\"#storage#object\",\"name\":\"test44508__bantha-brain__kdiss.wav\",\"bucket\":\"browser-file-bundler.appspot.com\",\"generation\":\"1636092996638\",\"metageneration\":\"1\",\"contentType\":\"application/octet-stream\",\"timeCreated\":\"2021-11-05T07:16:36.637Z\",\"updated\":\"2021-11-05T07:16:36.657Z\",\"storageClass\":\"STANDARD\",\"size\":\"9\",\"md5Hash\":\"XlQyVsSArFd9MPdvkSDrdA==\",\"etag\":\"someETag\",\"crc32c\":\"----lA==\",\"timeStorageClassUpdated\":\"2021-11-05T07:16:36.637Z\",\"id\":\"browser-file-bundler.appspot.com/test44508__bantha-brain__kdiss.wav/1636092996638\",\"selfLink\":\"http://localhost:9199/storage/v1/b/browser-file-bundler.appspot.com/o/test44508__bantha-brain__kdiss.wav\",\"mediaLink\":\"http://localhost:9199/download/storage/v1/b/browser-file-bundler.appspot.com/o/test44508__bantha-brain__kdiss.wav?generation=1636092996638&alt=media\"}}"
[debug] [2021-11-05T06:16:37.280Z] <<< [apiv2][status] POST http://localhost:5001/functions/projects/browser-file-bundler/trigger_multicast 200
[debug] [2021-11-05T06:16:37.280Z] <<< [apiv2][body] POST http://localhost:5001/functions/projects/browser-file-bundler/trigger_multicast {"status":"multicast_acknowledged"}
[debug] [2021-11-05T06:16:57.538Z] >>> [apiv2][query] POST http://localhost:5001/functions/projects/browser-file-bundler/trigger_multicast [none]
[debug] [2021-11-05T06:16:57.538Z] >>> [apiv2][body] POST http://localhost:5001/functions/projects/browser-file-bundler/trigger_multicast "{\"eventId\":\"1636093017538\",\"timestamp\":\"2021-11-05T07:16:57.538Z\",\"eventType\":\"google.storage.object.metadataUpdate\",\"resource\":{\"service\":\"storage.googleapis.com\",\"name\":\"projects/_/buckets/browser-file-bundler.appspot.com/objects/testfolder\",\"type\":\"storage#object\"},\"data\":{\"kind\":\"#storage#object\",\"name\":\"testfolder\",\"bucket\":\"browser-file-bundler.appspot.com\",\"generation\":\"1636093017537\",\"metageneration\":\"1\",\"contentType\":\"application/octet-stream\",\"timeCreated\":\"2021-11-05T07:16:57.536Z\",\"updated\":\"2021-11-05T07:16:57.537Z\",\"storageClass\":\"STANDARD\",\"size\":\"9\",\"md5Hash\":\"XlQyVsSArFd9MPdvkSDrdA==\",\"etag\":\"someETag\",\"crc32c\":\"----lA==\",\"timeStorageClassUpdated\":\"2021-11-05T07:16:57.536Z\",\"id\":\"browser-file-bundler.appspot.com/testfolder/1636093017537\",\"selfLink\":\"http://localhost:9199/storage/v1/b/browser-file-bundler.appspot.com/o/testfolder\",\"mediaLink\":\"http://localhost:9199/download/storage/v1/b/browser-file-bundler.appspot.com/o/testfolder?generation=1636093017537&alt=media\"}}"
[debug] [2021-11-05T06:16:57.542Z] >>> [apiv2][query] POST http://localhost:5001/functions/projects/browser-file-bundler/trigger_multicast [none]
[debug] [2021-11-05T06:16:57.542Z] >>> [apiv2][body] POST http://localhost:5001/functions/projects/browser-file-bundler/trigger_multicast "{\"eventId\":\"1636093017539\",\"timestamp\":\"2021-11-05T07:16:57.539Z\",\"eventType\":\"google.storage.object.finalize\",\"resource\":{\"service\":\"storage.googleapis.com\",\"name\":\"projects/_/buckets/browser-file-bundler.appspot.com/objects/testfolder\",\"type\":\"storage#object\"},\"data\":{\"kind\":\"#storage#object\",\"name\":\"testfolder\",\"bucket\":\"browser-file-bundler.appspot.com\",\"generation\":\"1636093017537\",\"metageneration\":\"1\",\"contentType\":\"application/octet-stream\",\"timeCreated\":\"2021-11-05T07:16:57.536Z\",\"updated\":\"2021-11-05T07:16:57.537Z\",\"storageClass\":\"STANDARD\",\"size\":\"9\",\"md5Hash\":\"XlQyVsSArFd9MPdvkSDrdA==\",\"etag\":\"someETag\",\"crc32c\":\"----lA==\",\"timeStorageClassUpdated\":\"2021-11-05T07:16:57.536Z\",\"id\":\"browser-file-bundler.appspot.com/testfolder/1636093017537\",\"selfLink\":\"http://localhost:9199/storage/v1/b/browser-file-bundler.appspot.com/o/testfolder\",\"mediaLink\":\"http://localhost:9199/download/storage/v1/b/browser-file-bundler.appspot.com/o/testfolder?generation=1636093017537&alt=media\"}}"
[debug] [2021-11-05T06:16:57.555Z] <<< [apiv2][status] POST http://localhost:5001/functions/projects/browser-file-bundler/trigger_multicast 200
[debug] [2021-11-05T06:16:57.555Z] <<< [apiv2][body] POST http://localhost:5001/functions/projects/browser-file-bundler/trigger_multicast {"status":"multicast_acknowledged"}
[debug] [2021-11-05T06:16:57.557Z] <<< [apiv2][status] POST http://localhost:5001/functions/projects/browser-file-bundler/trigger_multicast 200
[debug] [2021-11-05T06:16:57.557Z] <<< [apiv2][body] POST http://localhost:5001/functions/projects/browser-file-bundler/trigger_multicast {"status":"multicast_acknowledged"}
[debug] [2021-11-05T06:16:57.574Z] >>> [apiv2][query] POST http://localhost:5001/functions/projects/browser-file-bundler/trigger_multicast [none]
[debug] [2021-11-05T06:16:57.574Z] >>> [apiv2][body] POST http://localhost:5001/functions/projects/browser-file-bundler/trigger_multicast "{\"eventId\":\"1636093017574\",\"timestamp\":\"2021-11-05T07:16:57.574Z\",\"eventType\":\"google.storage.object.delete\",\"resource\":{\"service\":\"storage.googleapis.com\",\"name\":\"projects/_/buckets/browser-file-bundler.appspot.com/objects/testfolder\",\"type\":\"storage#object\"},\"data\":{\"kind\":\"#storage#object\",\"name\":\"testfolder\",\"bucket\":\"browser-file-bundler.appspot.com\",\"generation\":\"1636093017537\",\"metageneration\":\"1\",\"contentType\":\"application/octet-stream\",\"timeCreated\":\"2021-11-05T07:16:57.536Z\",\"updated\":\"2021-11-05T07:16:57.537Z\",\"storageClass\":\"STANDARD\",\"size\":\"9\",\"md5Hash\":\"XlQyVsSArFd9MPdvkSDrdA==\",\"etag\":\"someETag\",\"crc32c\":\"----lA==\",\"timeStorageClassUpdated\":\"2021-11-05T07:16:57.536Z\",\"id\":\"browser-file-bundler.appspot.com/testfolder/1636093017537\",\"selfLink\":\"http://localhost:9199/storage/v1/b/browser-file-bundler.appspot.com/o/testfolder\",\"mediaLink\":\"http://localhost:9199/download/storage/v1/b/browser-file-bundler.appspot.com/o/testfolder?generation=1636093017537&alt=media\"}}"
[debug] [2021-11-05T06:16:57.578Z] <<< [apiv2][status] POST http://localhost:5001/functions/projects/browser-file-bundler/trigger_multicast 200
[debug] [2021-11-05T06:16:57.578Z] <<< [apiv2][body] POST http://localhost:5001/functions/projects/browser-file-bundler/trigger_multicast {"status":"multicast_acknowledged"}
[debug] [2021-11-05T06:16:58.423Z] >>> [apiv2][query] POST http://localhost:5001/functions/projects/browser-file-bundler/trigger_multicast [none]
[debug] [2021-11-05T06:16:58.423Z] >>> [apiv2][body] POST http://localhost:5001/functions/projects/browser-file-bundler/trigger_multicast "{\"eventId\":\"1636093018423\",\"timestamp\":\"2021-11-05T07:16:58.423Z\",\"eventType\":\"google.storage.object.metadataUpdate\",\"resource\":{\"service\":\"storage.googleapis.com\",\"name\":\"projects/_/buckets/browser-file-bundler.appspot.com/objects/test83144__zgump__club-kick-0107.wav.asd\",\"type\":\"storage#object\"},\"data\":{\"kind\":\"#storage#object\",\"name\":\"test83144__zgump__club-kick-0107.wav.asd\",\"bucket\":\"browser-file-bundler.appspot.com\",\"generation\":\"1636093018423\",\"metageneration\":\"1\",\"contentType\":\"application/octet-stream\",\"timeCreated\":\"2021-11-05T07:16:58.422Z\",\"updated\":\"2021-11-05T07:16:58.422Z\",\"storageClass\":\"STANDARD\",\"size\":\"9\",\"md5Hash\":\"XlQyVsSArFd9MPdvkSDrdA==\",\"etag\":\"someETag\",\"crc32c\":\"----lA==\",\"timeStorageClassUpdated\":\"2021-11-05T07:16:58.422Z\",\"id\":\"browser-file-bundler.appspot.com/test83144__zgump__club-kick-0107.wav.asd/1636093018423\",\"selfLink\":\"http://localhost:9199/storage/v1/b/browser-file-bundler.appspot.com/o/test83144__zgump__club-kick-0107.wav.asd\",\"mediaLink\":\"http://localhost:9199/download/storage/v1/b/browser-file-bundler.appspot.com/o/test83144__zgump__club-kick-0107.wav.asd?generation=1636093018423&alt=media\"}}"
[debug] [2021-11-05T06:16:58.426Z] >>> [apiv2][query] POST http://localhost:5001/functions/projects/browser-file-bundler/trigger_multicast [none]
[debug] [2021-11-05T06:16:58.426Z] >>> [apiv2][body] POST http://localhost:5001/functions/projects/browser-file-bundler/trigger_multicast "{\"eventId\":\"1636093018426\",\"timestamp\":\"2021-11-05T07:16:58.426Z\",\"eventType\":\"google.storage.object.finalize\",\"resource\":{\"service\":\"storage.googleapis.com\",\"name\":\"projects/_/buckets/browser-file-bundler.appspot.com/objects/test83144__zgump__club-kick-0107.wav.asd\",\"type\":\"storage#object\"},\"data\":{\"kind\":\"#storage#object\",\"name\":\"test83144__zgump__club-kick-0107.wav.asd\",\"bucket\":\"browser-file-bundler.appspot.com\",\"generation\":\"1636093018423\",\"metageneration\":\"1\",\"contentType\":\"application/octet-stream\",\"timeCreated\":\"2021-11-05T07:16:58.422Z\",\"updated\":\"2021-11-05T07:16:58.422Z\",\"storageClass\":\"STANDARD\",\"size\":\"9\",\"md5Hash\":\"XlQyVsSArFd9MPdvkSDrdA==\",\"etag\":\"someETag\",\"crc32c\":\"----lA==\",\"timeStorageClassUpdated\":\"2021-11-05T07:16:58.422Z\",\"id\":\"browser-file-bundler.appspot.com/test83144__zgump__club-kick-0107.wav.asd/1636093018423\",\"selfLink\":\"http://localhost:9199/storage/v1/b/browser-file-bundler.appspot.com/o/test83144__zgump__club-kick-0107.wav.asd\",\"mediaLink\":\"http://localhost:9199/download/storage/v1/b/browser-file-bundler.appspot.com/o/test83144__zgump__club-kick-0107.wav.asd?generation=1636093018423&alt=media\"}}"
[debug] [2021-11-05T06:16:58.433Z] <<< [apiv2][status] POST http://localhost:5001/functions/projects/browser-file-bundler/trigger_multicast 200
[debug] [2021-11-05T06:16:58.433Z] <<< [apiv2][body] POST http://localhost:5001/functions/projects/browser-file-bundler/trigger_multicast {"status":"multicast_acknowledged"}
[debug] [2021-11-05T06:16:58.434Z] <<< [apiv2][status] POST http://localhost:5001/functions/projects/browser-file-bundler/trigger_multicast 200
[debug] [2021-11-05T06:16:58.434Z] <<< [apiv2][body] POST http://localhost:5001/functions/projects/browser-file-bundler/trigger_multicast {"status":"multicast_acknowledged"}
[debug] [2021-11-05T06:16:58.480Z] >>> [apiv2][query] POST http://localhost:5001/functions/projects/browser-file-bundler/trigger_multicast [none]
[debug] [2021-11-05T06:16:58.480Z] >>> [apiv2][body] POST http://localhost:5001/functions/projects/browser-file-bundler/trigger_multicast "{\"eventId\":\"1636093018479\",\"timestamp\":\"2021-11-05T07:16:58.479Z\",\"eventType\":\"google.storage.object.delete\",\"resource\":{\"service\":\"storage.googleapis.com\",\"name\":\"projects/_/buckets/browser-file-bundler.appspot.com/objects/test83144__zgump__club-kick-0107.wav.asd\",\"type\":\"storage#object\"},\"data\":{\"kind\":\"#storage#object\",\"name\":\"test83144__zgump__club-kick-0107.wav.asd\",\"bucket\":\"browser-file-bundler.appspot.com\",\"generation\":\"1636093018423\",\"metageneration\":\"1\",\"contentType\":\"application/octet-stream\",\"timeCreated\":\"2021-11-05T07:16:58.422Z\",\"updated\":\"2021-11-05T07:16:58.422Z\",\"storageClass\":\"STANDARD\",\"size\":\"9\",\"md5Hash\":\"XlQyVsSArFd9MPdvkSDrdA==\",\"etag\":\"someETag\",\"crc32c\":\"----lA==\",\"timeStorageClassUpdated\":\"2021-11-05T07:16:58.422Z\",\"id\":\"browser-file-bundler.appspot.com/test83144__zgump__club-kick-0107.wav.asd/1636093018423\",\"selfLink\":\"http://localhost:9199/storage/v1/b/browser-file-bundler.appspot.com/o/test83144__zgump__club-kick-0107.wav.asd\",\"mediaLink\":\"http://localhost:9199/download/storage/v1/b/browser-file-bundler.appspot.com/o/test83144__zgump__club-kick-0107.wav.asd?generation=1636093018423&alt=media\"}}"
[debug] [2021-11-05T06:16:58.492Z] <<< [apiv2][status] POST http://localhost:5001/functions/projects/browser-file-bundler/trigger_multicast 200
[debug] [2021-11-05T06:16:58.492Z] <<< [apiv2][body] POST http://localhost:5001/functions/projects/browser-file-bundler/trigger_multicast {"status":"multicast_acknowledged"}
[debug] [2021-11-05T06:17:16.825Z] >>> [apiv2][query] POST http://localhost:5001/functions/projects/browser-file-bundler/trigger_multicast [none]
[debug] [2021-11-05T06:17:16.826Z] >>> [apiv2][body] POST http://localhost:5001/functions/projects/browser-file-bundler/trigger_multicast "{\"eventId\":\"1636093036824\",\"timestamp\":\"2021-11-05T07:17:16.824Z\",\"eventType\":\"google.storage.object.metadataUpdate\",\"resource\":{\"service\":\"storage.googleapis.com\",\"name\":\"projects/_/buckets/browser-file-bundler.appspot.com/objects/test44508__bantha-brain__kdiss.wav\",\"type\":\"storage#object\"},\"data\":{\"kind\":\"#storage#object\",\"name\":\"test44508__bantha-brain__kdiss.wav\",\"bucket\":\"browser-file-bundler.appspot.com\",\"generation\":\"1636093036824\",\"metageneration\":\"1\",\"contentType\":\"application/octet-stream\",\"timeCreated\":\"2021-11-05T07:17:16.823Z\",\"updated\":\"2021-11-05T07:17:16.824Z\",\"storageClass\":\"STANDARD\",\"size\":\"9\",\"md5Hash\":\"XlQyVsSArFd9MPdvkSDrdA==\",\"etag\":\"someETag\",\"crc32c\":\"----lA==\",\"timeStorageClassUpdated\":\"2021-11-05T07:17:16.823Z\",\"id\":\"browser-file-bundler.appspot.com/test44508__bantha-brain__kdiss.wav/1636093036824\",\"selfLink\":\"http://localhost:9199/storage/v1/b/browser-file-bundler.appspot.com/o/test44508__bantha-brain__kdiss.wav\",\"mediaLink\":\"http://localhost:9199/download/storage/v1/b/browser-file-bundler.appspot.com/o/test44508__bantha-brain__kdiss.wav?generation=1636093036824&alt=media\"}}"
[debug] [2021-11-05T06:17:16.828Z] >>> [apiv2][query] POST http://localhost:5001/functions/projects/browser-file-bundler/trigger_multicast [none]
[debug] [2021-11-05T06:17:16.828Z] >>> [apiv2][body] POST http://localhost:5001/functions/projects/browser-file-bundler/trigger_multicast "{\"eventId\":\"1636093036828\",\"timestamp\":\"2021-11-05T07:17:16.828Z\",\"eventType\":\"google.storage.object.finalize\",\"resource\":{\"service\":\"storage.googleapis.com\",\"name\":\"projects/_/buckets/browser-file-bundler.appspot.com/objects/test44508__bantha-brain__kdiss.wav\",\"type\":\"storage#object\"},\"data\":{\"kind\":\"#storage#object\",\"name\":\"test44508__bantha-brain__kdiss.wav\",\"bucket\":\"browser-file-bundler.appspot.com\",\"generation\":\"1636093036824\",\"metageneration\":\"1\",\"contentType\":\"application/octet-stream\",\"timeCreated\":\"2021-11-05T07:17:16.823Z\",\"updated\":\"2021-11-05T07:17:16.824Z\",\"storageClass\":\"STANDARD\",\"size\":\"9\",\"md5Hash\":\"XlQyVsSArFd9MPdvkSDrdA==\",\"etag\":\"someETag\",\"crc32c\":\"----lA==\",\"timeStorageClassUpdated\":\"2021-11-05T07:17:16.823Z\",\"id\":\"browser-file-bundler.appspot.com/test44508__bantha-brain__kdiss.wav/1636093036824\",\"selfLink\":\"http://localhost:9199/storage/v1/b/browser-file-bundler.appspot.com/o/test44508__bantha-brain__kdiss.wav\",\"mediaLink\":\"http://localhost:9199/download/storage/v1/b/browser-file-bundler.appspot.com/o/test44508__bantha-brain__kdiss.wav?generation=1636093036824&alt=media\"}}"
[debug] [2021-11-05T06:17:16.832Z] <<< [apiv2][status] POST http://localhost:5001/functions/projects/browser-file-bundler/trigger_multicast 200
[debug] [2021-11-05T06:17:16.832Z] <<< [apiv2][body] POST http://localhost:5001/functions/projects/browser-file-bundler/trigger_multicast {"status":"multicast_acknowledged"}
[debug] [2021-11-05T06:17:16.833Z] <<< [apiv2][status] POST http://localhost:5001/functions/projects/browser-file-bundler/trigger_multicast 200
[debug] [2021-11-05T06:17:16.833Z] <<< [apiv2][body] POST http://localhost:5001/functions/projects/browser-file-bundler/trigger_multicast {"status":"multicast_acknowledged"}
[debug] [2021-11-05T06:17:16.882Z] >>> [apiv2][query] POST http://localhost:5001/functions/projects/browser-file-bundler/trigger_multicast [none]
[debug] [2021-11-05T06:17:16.882Z] >>> [apiv2][body] POST http://localhost:5001/functions/projects/browser-file-bundler/trigger_multicast "{\"eventId\":\"1636093036882\",\"timestamp\":\"2021-11-05T07:17:16.882Z\",\"eventType\":\"google.storage.object.delete\",\"resource\":{\"service\":\"storage.googleapis.com\",\"name\":\"projects/_/buckets/browser-file-bundler.appspot.com/objects/test44508__bantha-brain__kdiss.wav\",\"type\":\"storage#object\"},\"data\":{\"kind\":\"#storage#object\",\"name\":\"test44508__bantha-brain__kdiss.wav\",\"bucket\":\"browser-file-bundler.appspot.com\",\"generation\":\"1636093036824\",\"metageneration\":\"1\",\"contentType\":\"application/octet-stream\",\"timeCreated\":\"2021-11-05T07:17:16.823Z\",\"updated\":\"2021-11-05T07:17:16.824Z\",\"storageClass\":\"STANDARD\",\"size\":\"9\",\"md5Hash\":\"XlQyVsSArFd9MPdvkSDrdA==\",\"etag\":\"someETag\",\"crc32c\":\"----lA==\",\"timeStorageClassUpdated\":\"2021-11-05T07:17:16.823Z\",\"id\":\"browser-file-bundler.appspot.com/test44508__bantha-brain__kdiss.wav/1636093036824\",\"selfLink\":\"http://localhost:9199/storage/v1/b/browser-file-bundler.appspot.com/o/test44508__bantha-brain__kdiss.wav\",\"mediaLink\":\"http://localhost:9199/download/storage/v1/b/browser-file-bundler.appspot.com/o/test44508__bantha-brain__kdiss.wav?generation=1636093036824&alt=media\"}}"
[debug] [2021-11-05T06:17:16.885Z] <<< [apiv2][status] POST http://localhost:5001/functions/projects/browser-file-bundler/trigger_multicast 200
[debug] [2021-11-05T06:17:16.885Z] <<< [apiv2][body] POST http://localhost:5001/functions/projects/browser-file-bundler/trigger_multicast {"status":"multicast_acknowledged"}
